  start.cpp
D:\something_about_me\my_c++\my_projects\UI\start.cpp(18,9): error C2678: 二进制“>>”: 没有找到接受“std::ifstream”类型的左操作数的运算符(或没有可接受的转换)
      D:\something_about_me\my_c++\VS\VC\Tools\MSVC\14.44.35207\include\istream(313,39):
      可能是“std::basic_istream<char,std::char_traits<char>> &std::basic_istream<char,std::char_traits<char>>::operator >>(std::basic_streambuf<char,std::char_traits<char>> *)”
          D:\something_about_me\my_c++\my_projects\UI\start.cpp(18,9):
          “std::basic_istream<char,std::char_traits<char>> &std::basic_istream<char,std::char_traits<char>>::operator >>(std::basic_streambuf<char,std::char_traits<char>> *)”: 无法将参数 2 从“KEY”转换为“std::basic_streambuf<char,std::char_traits<char>> *”
              D:\something_about_me\my_c++\my_projects\UI\start.cpp(18,16):
              从整型类型转换为指针类型需要 reinterpret_cast、C 样式转换或带圆括号的函数样式强制转换
      D:\something_about_me\my_c++\VS\VC\Tools\MSVC\14.44.35207\include\istream(309,39):
      或    “std::basic_istream<char,std::char_traits<char>> &std::basic_istream<char,std::char_traits<char>>::operator >>(void *&)”
          D:\something_about_me\my_c++\my_projects\UI\start.cpp(18,9):
          “std::basic_istream<char,std::char_traits<char>> &std::basic_istream<char,std::char_traits<char>>::operator >>(void *&)”: 无法将参数 2 从“KEY”转换为“void *&”
      D:\something_about_me\my_c++\VS\VC\Tools\MSVC\14.44.35207\include\istream(305,39):
      或    “std::basic_istream<char,std::char_traits<char>> &std::basic_istream<char,std::char_traits<char>>::operator >>(long double &)”
          D:\something_about_me\my_c++\my_projects\UI\start.cpp(18,9):
          “std::basic_istream<char,std::char_traits<char>> &std::basic_istream<char,std::char_traits<char>>::operator >>(long double &)”: 无法将参数 2 从“KEY”转换为“long double &”
      D:\something_about_me\my_c++\VS\VC\Tools\MSVC\14.44.35207\include\istream(301,39):
      或    “std::basic_istream<char,std::char_traits<char>> &std::basic_istream<char,std::char_traits<char>>::operator >>(double &)”
          D:\something_about_me\my_c++\my_projects\UI\start.cpp(18,9):
          “std::basic_istream<char,std::char_traits<char>> &std::basic_istream<char,std::char_traits<char>>::operator >>(double &)”: 无法将参数 2 从“KEY”转换为“double &”
      D:\something_about_me\my_c++\VS\VC\Tools\MSVC\14.44.35207\include\istream(297,39):
      或    “std::basic_istream<char,std::char_traits<char>> &std::basic_istream<char,std::char_traits<char>>::operator >>(float &)”
          D:\something_about_me\my_c++\my_projects\UI\start.cpp(18,9):
          “std::basic_istream<char,std::char_traits<char>> &std::basic_istream<char,std::char_traits<char>>::operator >>(float &)”: 无法将参数 2 从“KEY”转换为“float &”
      D:\something_about_me\my_c++\VS\VC\Tools\MSVC\14.44.35207\include\istream(293,39):
      或    “std::basic_istream<char,std::char_traits<char>> &std::basic_istream<char,std::char_traits<char>>::operator >>(unsigned __int64 &)”
          D:\something_about_me\my_c++\my_projects\UI\start.cpp(18,9):
          “std::basic_istream<char,std::char_traits<char>> &std::basic_istream<char,std::char_traits<char>>::operator >>(unsigned __int64 &)”: 无法将参数 2 从“KEY”转换为“unsigned __int64 &”
      D:\something_about_me\my_c++\VS\VC\Tools\MSVC\14.44.35207\include\istream(289,39):
      或    “std::basic_istream<char,std::char_traits<char>> &std::basic_istream<char,std::char_traits<char>>::operator >>(__int64 &)”
          D:\something_about_me\my_c++\my_projects\UI\start.cpp(18,9):
          “std::basic_istream<char,std::char_traits<char>> &std::basic_istream<char,std::char_traits<char>>::operator >>(__int64 &)”: 无法将参数 2 从“KEY”转换为“__int64 &”
      D:\something_about_me\my_c++\VS\VC\Tools\MSVC\14.44.35207\include\istream(285,39):
      或    “std::basic_istream<char,std::char_traits<char>> &std::basic_istream<char,std::char_traits<char>>::operator >>(unsigned long &)”
          D:\something_about_me\my_c++\my_projects\UI\start.cpp(18,9):
          “std::basic_istream<char,std::char_traits<char>> &std::basic_istream<char,std::char_traits<char>>::operator >>(unsigned long &)”: 无法将参数 2 从“KEY”转换为“unsigned long &”
      D:\something_about_me\my_c++\VS\VC\Tools\MSVC\14.44.35207\include\istream(281,39):
      或    “std::basic_istream<char,std::char_traits<char>> &std::basic_istream<char,std::char_traits<char>>::operator >>(long &)”
          D:\something_about_me\my_c++\my_projects\UI\start.cpp(18,9):
          “std::basic_istream<char,std::char_traits<char>> &std::basic_istream<char,std::char_traits<char>>::operator >>(long &)”: 无法将参数 2 从“KEY”转换为“long &”
      D:\something_about_me\my_c++\VS\VC\Tools\MSVC\14.44.35207\include\istream(277,39):
      或    “std::basic_istream<char,std::char_traits<char>> &std::basic_istream<char,std::char_traits<char>>::operator >>(unsigned int &)”
          D:\something_about_me\my_c++\my_projects\UI\start.cpp(18,9):
          “std::basic_istream<char,std::char_traits<char>> &std::basic_istream<char,std::char_traits<char>>::operator >>(unsigned int &)”: 无法将参数 2 从“KEY”转换为“unsigned int &”
      D:\something_about_me\my_c++\VS\VC\Tools\MSVC\14.44.35207\include\istream(269,39):
      或    “std::basic_istream<char,std::char_traits<char>> &std::basic_istream<char,std::char_traits<char>>::operator >>(int &)”
          D:\something_about_me\my_c++\my_projects\UI\start.cpp(18,9):
          “std::basic_istream<char,std::char_traits<char>> &std::basic_istream<char,std::char_traits<char>>::operator >>(int &)”: 无法将参数 2 从“KEY”转换为“int &”
      D:\something_about_me\my_c++\VS\VC\Tools\MSVC\14.44.35207\include\istream(265,39):
      或    “std::basic_istream<char,std::char_traits<char>> &std::basic_istream<char,std::char_traits<char>>::operator >>(unsigned short &)”
          D:\something_about_me\my_c++\my_projects\UI\start.cpp(18,9):
          “std::basic_istream<char,std::char_traits<char>> &std::basic_istream<char,std::char_traits<char>>::operator >>(unsigned short &)”: 无法将参数 2 从“KEY”转换为“unsigned short &”
      D:\something_about_me\my_c++\VS\VC\Tools\MSVC\14.44.35207\include\istream(233,39):
      或    “std::basic_istream<char,std::char_traits<char>> &std::basic_istream<char,std::char_traits<char>>::operator >>(short &)”
          D:\something_about_me\my_c++\my_projects\UI\start.cpp(18,9):
          “std::basic_istream<char,std::char_traits<char>> &std::basic_istream<char,std::char_traits<char>>::operator >>(short &)”: 无法将参数 2 从“KEY”转换为“short &”
      D:\something_about_me\my_c++\VS\VC\Tools\MSVC\14.44.35207\include\istream(229,39):
      或    “std::basic_istream<char,std::char_traits<char>> &std::basic_istream<char,std::char_traits<char>>::operator >>(bool &)”
          D:\something_about_me\my_c++\my_projects\UI\start.cpp(18,9):
          “std::basic_istream<char,std::char_traits<char>> &std::basic_istream<char,std::char_traits<char>>::operator >>(bool &)”: 无法将参数 2 从“KEY”转换为“bool &”
      D:\something_about_me\my_c++\VS\VC\Tools\MSVC\14.44.35207\include\istream(200,39):
      或    “std::basic_istream<char,std::char_traits<char>> &std::basic_istream<char,std::char_traits<char>>::operator >>(std::ios_base &(__cdecl *)(std::ios_base &))”
          D:\something_about_me\my_c++\my_projects\UI\start.cpp(18,9):
          “std::basic_istream<char,std::char_traits<char>> &std::basic_istream<char,std::char_traits<char>>::operator >>(std::ios_base &(__cdecl *)(std::ios_base &))”: 无法将参数 2 从“KEY”转换为“std::ios_base &(__cdecl *)(std::ios_base &)”
              D:\something_about_me\my_c++\my_projects\UI\start.cpp(18,16):
              从整型类型转换为指针类型需要 reinterpret_cast、C 样式转换或带圆括号的函数样式强制转换
      D:\something_about_me\my_c++\VS\VC\Tools\MSVC\14.44.35207\include\istream(195,39):
      或    “std::basic_istream<char,std::char_traits<char>> &std::basic_istream<char,std::char_traits<char>>::operator >>(std::basic_ios<char,std::char_traits<char>> &(__cdecl *)(std::basic_ios<char,std::char_traits<char>> &))”
          D:\something_about_me\my_c++\my_projects\UI\start.cpp(18,9):
          “std::basic_istream<char,std::char_traits<char>> &std::basic_istream<char,std::char_traits<char>>::operator >>(std::basic_ios<char,std::char_traits<char>> &(__cdecl *)(std::basic_ios<char,std::char_traits<char>> &))”: 无法将参数 2 从“KEY”转换为“std::basic_ios<char,std::char_traits<char>> &(__cdecl *)(std::basic_ios<char,std::char_traits<char>> &)”
              D:\something_about_me\my_c++\my_projects\UI\start.cpp(18,16):
              从整型类型转换为指针类型需要 reinterpret_cast、C 样式转换或带圆括号的函数样式强制转换
      D:\something_about_me\my_c++\VS\VC\Tools\MSVC\14.44.35207\include\istream(190,39):
      或    “std::basic_istream<char,std::char_traits<char>> &std::basic_istream<char,std::char_traits<char>>::operator >>(std::basic_istream<char,std::char_traits<char>> &(__cdecl *)(std::basic_istream<char,std::char_traits<char>> &))”
          D:\something_about_me\my_c++\my_projects\UI\start.cpp(18,9):
          “std::basic_istream<char,std::char_traits<char>> &std::basic_istream<char,std::char_traits<char>>::operator >>(std::basic_istream<char,std::char_traits<char>> &(__cdecl *)(std::basic_istream<char,std::char_traits<char>> &))”: 无法将参数 2 从“KEY”转换为“std::basic_istream<char,std::char_traits<char>> &(__cdecl *)(std::basic_istream<char,std::char_traits<char>> &)”
              D:\something_about_me\my_c++\my_projects\UI\start.cpp(18,16):
              从整型类型转换为指针类型需要 reinterpret_cast、C 样式转换或带圆括号的函数样式强制转换
      D:\something_about_me\my_c++\my_projects\UI\start.cpp(18,9):
      或       “内置 C++ operator>>(int，int)"
          D:\something_about_me\my_c++\my_projects\UI\start.cpp(18,9):
          “>>”: 无法将参数 1 从“std::ifstream”转换为“int”
      D:\something_about_me\my_c++\VS\VC\Tools\MSVC\14.44.35207\include\istream(923,9):
      或    “_Istr &&std::operator >>(_Istr &&,_Ty &&)”
          D:\something_about_me\my_c++\my_projects\UI\start.cpp(18,9):
          “_Istr &&std::operator >>(_Istr &&,_Ty &&)”: 无法推导“__formal”的 模板 参数
              D:\something_about_me\my_c++\VS\VC\Tools\MSVC\14.44.35207\include\istream(922,102):
              “<template-parameter>”: 无法创建指向引用的指针
      D:\something_about_me\my_c++\VS\VC\Tools\MSVC\14.44.35207\include\istream(910,31):
      或    “std::basic_istream<char,_Traits> &std::operator >>(std::basic_istream<char,_Traits> &,unsigned char &)”
          D:\something_about_me\my_c++\my_projects\UI\start.cpp(18,9):
          “std::basic_istream<char,_Traits> &std::operator >>(std::basic_istream<char,_Traits> &,unsigned char &)”: 无法从“std::ifstream”推导出“std::basic_istream<char,_Traits> &”的 模板 参数
          D:\something_about_me\my_c++\my_projects\UI\start.cpp(18,16):
          “初始化”: 无法从“KEY”转换为“unsigned char &”
      D:\something_about_me\my_c++\VS\VC\Tools\MSVC\14.44.35207\include\istream(904,31):
      或    “std::basic_istream<char,_Traits> &std::operator >>(std::basic_istream<char,_Traits> &,signed char &)”
          D:\something_about_me\my_c++\my_projects\UI\start.cpp(18,9):
          “std::basic_istream<char,_Traits> &std::operator >>(std::basic_istream<char,_Traits> &,signed char &)”: 无法从“std::ifstream”推导出“std::basic_istream<char,_Traits> &”的 模板 参数
          D:\something_about_me\my_c++\my_projects\UI\start.cpp(18,16):
          “初始化”: 无法从“KEY”转换为“signed char &”
      D:\something_about_me\my_c++\VS\VC\Tools\MSVC\14.44.35207\include\istream(881,32):
      或    “std::basic_istream<_Elem,_Traits> &std::operator >>(std::basic_istream<_Elem,_Traits> &,_Elem &)”
          D:\something_about_me\my_c++\my_projects\UI\start.cpp(18,9):
          “std::basic_istream<_Elem,_Traits> &std::operator >>(std::basic_istream<_Elem,_Traits> &,_Elem &)”: 无法从“std::ifstream”推导出“std::basic_istream<_Elem,_Traits> &”的 模板 参数
          D:\something_about_me\my_c++\my_projects\UI\start.cpp(18,9):
          “std::basic_istream<_Elem,_Traits> &std::operator >>(std::basic_istream<_Elem,_Traits> &,_Elem &)”: 模板 参数“_Elem”不明确
              D:\something_about_me\my_c++\my_projects\UI\start.cpp(18,9):
              可能是“KEY”
              D:\something_about_me\my_c++\my_projects\UI\start.cpp(18,9):
              或    “char”
          D:\something_about_me\my_c++\my_projects\UI\start.cpp(18,9):
          “std::basic_istream<_Elem,_Traits> &std::operator >>(std::basic_istream<_Elem,_Traits> &,_Elem &)”: 无法从“KEY”推导出“_Elem &”的 模板 参数
      D:\something_about_me\my_c++\VS\VC\Tools\MSVC\14.44.35207\include\istream(875,31):
      或    “std::basic_istream<char,_Traits> &std::operator >>(std::basic_istream<char,_Traits> &,unsigned char *)”
          D:\something_about_me\my_c++\my_projects\UI\start.cpp(18,9):
          “std::basic_istream<char,_Traits> &std::operator >>(std::basic_istream<char,_Traits> &,unsigned char *)”: 无法从“std::ifstream”推导出“std::basic_istream<char,_Traits> &”的 模板 参数
          D:\something_about_me\my_c++\my_projects\UI\start.cpp(18,16):
          “初始化”: 无法从“KEY”转换为“unsigned char *”
              D:\something_about_me\my_c++\my_projects\UI\start.cpp(18,16):
              从整型类型转换为指针类型需要 reinterpret_cast、C 样式转换或带圆括号的函数样式强制转换
      D:\something_about_me\my_c++\VS\VC\Tools\MSVC\14.44.35207\include\istream(870,31):
      或    “std::basic_istream<char,_Traits> &std::operator >>(std::basic_istream<char,_Traits> &,signed char *)”
          D:\something_about_me\my_c++\my_projects\UI\start.cpp(18,9):
          “std::basic_istream<char,_Traits> &std::operator >>(std::basic_istream<char,_Traits> &,signed char *)”: 无法从“std::ifstream”推导出“std::basic_istream<char,_Traits> &”的 模板 参数
          D:\something_about_me\my_c++\my_projects\UI\start.cpp(18,16):
          “初始化”: 无法从“KEY”转换为“signed char *”
              D:\something_about_me\my_c++\my_projects\UI\start.cpp(18,16):
              从整型类型转换为指针类型需要 reinterpret_cast、C 样式转换或带圆括号的函数样式强制转换
      D:\something_about_me\my_c++\VS\VC\Tools\MSVC\14.44.35207\include\istream(865,32):
      或    “std::basic_istream<_Elem,_Traits> &std::operator >>(std::basic_istream<_Elem,_Traits> &,_Elem *)”
          D:\something_about_me\my_c++\my_projects\UI\start.cpp(18,9):
          “std::basic_istream<_Elem,_Traits> &std::operator >>(std::basic_istream<_Elem,_Traits> &,_Elem *)”: 无法从“std::ifstream”推导出“std::basic_istream<_Elem,_Traits> &”的 模板 参数
          D:\something_about_me\my_c++\my_projects\UI\start.cpp(18,9):
          “std::basic_istream<_Elem,_Traits> &std::operator >>(std::basic_istream<_Elem,_Traits> &,_Elem *)”: 无法从“KEY”推导出“_Elem *”的 模板 参数
      D:\something_about_me\my_c++\VS\VC\Tools\MSVC\14.44.35207\include\xstring(3395,32):
      或    “std::basic_istream<_Elem,_Traits> &std::operator >>(std::basic_istream<_Elem,_Traits> &,std::basic_string<_Elem,_Traits,_Alloc> &)”
          D:\something_about_me\my_c++\my_projects\UI\start.cpp(18,9):
          “std::basic_istream<_Elem,_Traits> &std::operator >>(std::basic_istream<_Elem,_Traits> &,std::basic_string<_Elem,_Traits,_Alloc> &)”: 无法从“std::ifstream”推导出“std::basic_istream<_Elem,_Traits> &”的 模板 参数
          D:\something_about_me\my_c++\my_projects\UI\start.cpp(18,9):
          “std::basic_istream<_Elem,_Traits> &std::operator >>(std::basic_istream<_Elem,_Traits> &,std::basic_string<_Elem,_Traits,_Alloc> &)”: 无法从“KEY”推导出“std::basic_string<_Elem,_Traits,_Alloc> &”的 模板 参数
      D:\something_about_me\my_c++\my_projects\UI\start.cpp(18,9):
      尝试匹配参数列表“(std::ifstream, KEY)”时
  
